<?xml version="1.0" encoding="utf-8"?>
<test-run id="2" testcasecount="44" result="Failed(Child)" total="44" passed="35" failed="9" inconclusive="0" skipped="0" asserts="0" engine-version="3.5.0.0" clr-version="4.0.30319.42000" start-time="2026-07-24 15:32:58Z" end-time="2026-07-24 15:33:00Z" duration="2.0564652">
  <test-suite type="TestSuite" id="1000" name="Groundwork" fullname="Groundwork" runstate="Runnable" testcasecount="44" result="Failed" site="Child" start-time="2026-07-24 15:32:58Z" end-time="2026-07-24 15:33:00Z" duration="2.056465" total="44" passed="35" failed="9" inconclusive="0" skipped="0" asserts="0">
    <properties>
      <property name="platform" value="EditMode" />
    </properties>
    <failure>
      <message><![CDATA[One or more child tests had errors]]></message>
    </failure>
    <test-suite type="Assembly" id="1052" name="Groundwork.Tests.dll" fullname="/home/tim/source/activity/Groundwork/Library/ScriptAssemblies/Groundwork.Tests.dll" runstate="Runnable" testcasecount="43" result="Failed" site="Child" start-time="2026-07-24 15:32:58Z" end-time="2026-07-24 15:33:00Z" duration="2.041556" total="43" passed="34" failed="9" inconclusive="0" skipped="0" asserts="0">
      <properties>
        <property name="_PID" value="993257" />
        <property name="_APPDOMAIN" value="Unity Child Domain" />
        <property name="platform" value="EditMode" />
        <property name="EditorOnly" value="True" />
      </properties>
      <failure>
        <message><![CDATA[One or more child tests had errors]]></message>
      </failure>
      <test-suite type="TestSuite" id="1053" name="Groundwork" fullname="Groundwork" runstate="Runnable" testcasecount="43" result="Failed" site="Child" start-time="2026-07-24 15:32:58Z" end-time="2026-07-24 15:33:00Z" duration="2.040681" total="43" passed="34" failed="9" inconclusive="0" skipped="0" asserts="0">
        <properties />
        <failure>
          <message><![CDATA[One or more child tests had errors]]></message>
        </failure>
        <test-suite type="TestSuite" id="1054" name="Tests" fullname="Groundwork.Tests" runstate="Runnable" testcasecount="43" result="Failed" site="Child" start-time="2026-07-24 15:32:58Z" end-time="2026-07-24 15:33:00Z" duration="2.039846" total="43" passed="34" failed="9" inconclusive="0" skipped="0" asserts="0">
          <properties />
          <failure>
            <message><![CDATA[One or more child tests had errors]]></message>
          </failure>
          <test-suite type="TestSuite" id="1055" name="Simulation" fullname="Groundwork.Tests.Simulation" runstate="Runnable" testcasecount="43" result="Failed" site="Child" start-time="2026-07-24 15:32:58Z" end-time="2026-07-24 15:33:00Z" duration="2.038658" total="43" passed="34" failed="9" inconclusive="0" skipped="0" asserts="0">
            <properties />
            <failure>
              <message><![CDATA[One or more child tests had errors]]></message>
            </failure>
            <test-suite type="TestFixture" id="1001" name="BuildingProductionSystemTests" fullname="Groundwork.Tests.Simulation.BuildingProductionSystemTests" classname="Groundwork.Tests.Simulation.BuildingProductionSystemTests" runstate="Runnable" testcasecount="5" result="Failed" site="Child" start-time="2026-07-24 15:32:58Z" end-time="2026-07-24 15:32:59Z" duration="0.438279" total="5" passed="4" failed="1" inconclusive="0" skipped="0" asserts="0">
              <properties />
              <failure>
                <message><![CDATA[One or more child tests had errors]]></message>
              </failure>
              <test-case id="1003" name="ChopFirewood_ConsumesLogs_ProducesFirewood" fullname="Groundwork.Tests.Simulation.BuildingProductionSystemTests.ChopFirewood_ConsumesLogs_ProducesFirewood" methodname="ChopFirewood_ConsumesLogs_ProducesFirewood" classname="Groundwork.Tests.Simulation.BuildingProductionSystemTests" runstate="Runnable" seed="1358224546" result="Failed" start-time="2026-07-24 15:32:58Z" end-time="2026-07-24 15:32:59Z" duration="0.368428" asserts="0">
                <properties>
                  <property name="retryIteration" value="0" />
                  <property name="repeatIteration" value="0" />
                </properties>
                <failure>
                  <message><![CDATA[  Should consume 1 log
  Expected: 9
  But was:  0
]]></message>
                  <stack-trace><![CDATA[at Groundwork.Tests.Simulation.BuildingProductionSystemTests.ChopFirewood_ConsumesLogs_ProducesFirewood () [0x0008f] in /home/tim/source/activity/Groundwork/Assets/Tests/EditMode/Simulation/BuildingProductionSystemTests.cs:44
]]></stack-trace>
                </failure>
                <output><![CDATA[Ignoring invalid [Unity.Entities.UpdateAfterAttribute] attribute on Groundwork.Simulation.BuildingProductionSystem targeting Groundwork.Simulation.CitizenMovementSystem.
This attribute can only order systems that are members of the same ComponentSystemGroup instance.
Make sure that both systems are in the same system group with [UpdateInGroup(typeof(Groundwork.Simulation.GroundworkSimulationGroup))],
or by manually adding both systems to the same group's update list.
Ignoring invalid [Unity.Entities.UpdateAfterAttribute] attribute on Groundwork.Simulation.BuildingProductionSystem targeting Groundwork.Simulation.CitizenMovementSystem.
This attribute can only order systems that are members of the same ComponentSystemGroup instance.
Make sure that both systems are in the same system group with [UpdateInGroup(typeof(Groundwork.Simulation.GroundworkSimulationGroup))],
or by manually adding both systems to the same group's update list.
Ignoring invalid [Unity.Entities.UpdateAfterAttribute] attribute on Groundwork.Simulation.BuildingProductionSystem targeting Groundwork.Simulation.CitizenMovementSystem.
This attribute can only order systems that are members of the same ComponentSystemGroup instance.
Make sure that both systems are in the same system group with [UpdateInGroup(typeof(Groundwork.Simulation.GroundworkSimulationGroup))],
or by manually adding both systems to the same group's update list.
Ignoring invalid [Unity.Entities.UpdateAfterAttribute] attribute on Groundwork.Simulation.BuildingProductionSystem targeting Groundwork.Simulation.CitizenMovementSystem.
This attribute can only order systems that are members of the same ComponentSystemGroup instance.
Make sure that both systems are in the same system group with [UpdateInGroup(typeof(Groundwork.Simulation.GroundworkSimulationGroup))],
or by manually adding both systems to the same group's update list.
Ignoring invalid [Unity.Entities.UpdateAfterAttribute] attribute on Groundwork.Simulation.BuildingProductionSystem targeting Groundwork.Simulation.CitizenMovementSystem.
This attribute can only order systems that are members of the same ComponentSystemGroup instance.
Make sure that both systems are in the same system group with [UpdateInGroup(typeof(Groundwork.Simulation.GroundworkSimulationGroup))],
or by manually adding both systems to the same group's update list.
Ignoring invalid [Unity.Entities.UpdateAfterAttribute] attribute on Groundwork.Simulation.BuildingProductionSystem targeting Groundwork.Simulation.CitizenMovementSystem.
This attribute can only order systems that are members of the same ComponentSystemGroup instance.
Make sure that both systems are in the same system group with [UpdateInGroup(typeof(Groundwork.Simulation.GroundworkSimulationGroup))],
or by manually adding both systems to the same group's update list.
Ignoring invalid [Unity.Entities.UpdateAfterAttribute] attribute on Groundwork.Simulation.BuildingProductionSystem targeting Groundwork.Simulation.CitizenMovementSystem.
This attribute can only order systems that are members of the same ComponentSystemGroup instance.
Make sure that both systems are in the same system group with [UpdateInGroup(typeof(Groundwork.Simulation.GroundworkSimulationGroup))],
or by manually adding both systems to the same group's update list.
Ignoring invalid [Unity.Entities.UpdateAfterAttribute] attribute on Groundwork.Simulation.BuildingProductionSystem targeting Groundwork.Simulation.CitizenMovementSystem.
This attribute can only order systems that are members of the same ComponentSystemGroup instance.
Make sure that both systems are in the same system group with [UpdateInGroup(typeof(Groundwork.Simulation.GroundworkSimulationGroup))],
or by manually adding both systems to the same group's update list.
Ignoring invalid [Unity.Entities.UpdateAfterAttribute] attribute on Groundwork.Simulation.BuildingProductionSystem targeting Groundwork.Simulation.CitizenMovementSystem.
This attribute can only order systems that are members of the same ComponentSystemGroup instance.
Make sure that both systems are in the same system group with [UpdateInGroup(typeof(Groundwork.Simulation.GroundworkSimulationGroup))],
or by manually adding both systems to the same group's update list.
Ignoring invalid [Unity.Entities.UpdateAfterAttribute] attribute on Groundwork.Simulation.BuildingProductionSystem targeting Groundwork.Simulation.CitizenMovementSystem.
This attribute can only order systems that are members of the same ComponentSystemGroup instance.
Make sure that both systems are in the same system group with [UpdateInGroup(typeof(Groundwork.Simulation.GroundworkSimulationGroup))],
or by manually adding both systems to the same group's update list.
]]></output>
              </test-case>
              <test-case id="1004" name="ChopFirewood_Stalls_WhenNoLogs" fullname="Groundwork.Tests.Simulation.BuildingProductionSystemTests.ChopFirewood_Stalls_WhenNoLogs" methodname="ChopFirewood_Stalls_WhenNoLogs" classname="Groundwork.Tests.Simulation.BuildingProductionSystemTests" runstate="Runnable" seed="463456896" result="Passed" start-time="2026-07-24 15:32:59Z" end-time="2026-07-24 15:32:59Z" duration="0.018975" asserts="0">
                <properties>
                  <property name="retryIteration" value="0" />
                  <property name="repeatIteration" value="0" />
                </properties>
                <output><![CDATA[Ignoring invalid [Unity.Entities.UpdateAfterAttribute] attribute on Groundwork.Simulation.BuildingProductionSystem targeting Groundwork.Simulation.CitizenMovementSystem.
This attribute can only order systems that are members of the same ComponentSystemGroup instance.
Make sure that both systems are in the same system group with [UpdateInGroup(typeof(Groundwork.Simulation.GroundworkSimulationGroup))],
or by manually adding both systems to the same group's update list.
Ignoring invalid [Unity.Entities.UpdateAfterAttribute] attribute on Groundwork.Simulation.BuildingProductionSystem targeting Groundwork.Simulation.CitizenMovementSystem.
This attribute can only order systems that are members of the same ComponentSystemGroup instance.
Make sure that both systems are in the same system group with [UpdateInGroup(typeof(Groundwork.Simulation.GroundworkSimulationGroup))],
or by manually adding both systems to the same group's update list.
Ignoring invalid [Unity.Entities.UpdateAfterAttribute] attribute on Groundwork.Simulation.BuildingProductionSystem targeting Groundwork.Simulation.CitizenMovementSystem.
This attribute can only order systems that are members of the same ComponentSystemGroup instance.
Make sure that both systems are in the same system group with [UpdateInGroup(typeof(Groundwork.Simulation.GroundworkSimulationGroup))],
or by manually adding both systems to the same group's update list.
Ignoring invalid [Unity.Entities.UpdateAfterAttribute] attribute on Groundwork.Simulation.BuildingProductionSystem targeting Groundwork.Simulation.CitizenMovementSystem.
This attribute can only order systems that are members of the same ComponentSystemGroup instance.
Make sure that both systems are in the same system group with [UpdateInGroup(typeof(Groundwork.Simulation.GroundworkSimulationGroup))],
or by manually adding both systems to the same group's update list.
Ignoring invalid [Unity.Entities.UpdateAfterAttribute] attribute on Groundwork.Simulation.BuildingProductionSystem targeting Groundwork.Simulation.CitizenMovementSystem.
This attribute can only order systems that are members of the same ComponentSystemGroup instance.
Make sure that both systems are in the same system group with [UpdateInGroup(typeof(Groundwork.Simulation.GroundworkSimulationGroup))],
or by manually adding both systems to the same group's update list.
Ignoring invalid [Unity.Entities.UpdateAfterAttribute] attribute on Groundwork.Simulation.BuildingProductionSystem targeting Groundwork.Simulation.CitizenMovementSystem.
This attribute can only order systems that are members of the same ComponentSystemGroup instance.
Make sure that both systems are in the same system group with [UpdateInGroup(typeof(Groundwork.Simulation.GroundworkSimulationGroup))],
or by manually adding both systems to the same group's update list.
Ignoring invalid [Unity.Entities.UpdateAfterAttribute] attribute on Groundwork.Simulation.BuildingProductionSystem targeting Groundwork.Simulation.CitizenMovementSystem.
This attribute can only order systems that are members of the same ComponentSystemGroup instance.
Make sure that both systems are in the same system group with [UpdateInGroup(typeof(Groundwork.Simulation.GroundworkSimulationGroup))],
or by manually adding both systems to the same group's update list.
Ignoring invalid [Unity.Entities.UpdateAfterAttribute] attribute on Groundwork.Simulation.BuildingProductionSystem targeting Groundwork.Simulation.CitizenMovementSystem.
This attribute can only order systems that are members of the same ComponentSystemGroup instance.
Make sure that both systems are in the same system group with [UpdateInGroup(typeof(Groundwork.Simulation.GroundworkSimulationGroup))],
or by manually adding both systems to the same group's update list.
Ignoring invalid [Unity.Entities.UpdateAfterAttribute] attribute on Groundwork.Simulation.BuildingProductionSystem targeting Groundwork.Simulation.CitizenMovementSystem.
This attribute can only order systems that are members of the same ComponentSystemGroup instance.
Make sure that both systems are in the same system group with [UpdateInGroup(typeof(Groundwork.Simulation.GroundworkSimulationGroup))],
or by manually adding both systems to the same group's update list.
Ignoring invalid [Unity.Entities.UpdateAfterAttribute] attribute on Groundwork.Simulation.BuildingProductionSystem targeting Groundwork.Simulation.CitizenMovementSystem.
This attribute can only order systems that are members of the same ComponentSystemGroup instance.
Make sure that both systems are in the same system group with [UpdateInGroup(typeof(Groundwork.Simulation.GroundworkSimulationGroup))],
or by manually adding both systems to the same group's update list.
]]></output>
              </test-case>
              <test-case id="1006" name="DoesNotOperate_UnderConstruction" fullname="Groundwork.Tests.Simulation.BuildingProductionSystemTests.DoesNotOperate_UnderConstruction" methodname="DoesNotOperate_UnderConstruction" classname="Groundwork.Tests.Simulation.BuildingProductionSystemTests" runstate="Runnable" seed="202254942" result="Passed" start-time="2026-07-24 15:32:59Z" end-time="2026-07-24 15:32:59Z" duration="0.017350" asserts="0">
                <properties>
                  <property name="retryIteration" value="0" />
                  <property name="repeatIteration" value="0" />
                </properties>
                <output><![CDATA[Ignoring invalid [Unity.Entities.UpdateAfterAttribute] attribute on Groundwork.Simulation.BuildingProductionSystem targeting Groundwork.Simulation.CitizenMovementSystem.
This attribute can only order systems that are members of the same ComponentSystemGroup instance.
Make sure that both systems are in the same system group with [UpdateInGroup(typeof(Groundwork.Simulation.GroundworkSimulationGroup))],
or by manually adding both systems to the same group's update list.
Ignoring invalid [Unity.Entities.UpdateAfterAttribute] attribute on Groundwork.Simulation.BuildingProductionSystem targeting Groundwork.Simulation.CitizenMovementSystem.
This attribute can only order systems that are members of the same ComponentSystemGroup instance.
Make sure that both systems are in the same system group with [UpdateInGroup(typeof(Groundwork.Simulation.GroundworkSimulationGroup))],
or by manually adding both systems to the same group's update list.
Ignoring invalid [Unity.Entities.UpdateAfterAttribute] attribute on Groundwork.Simulation.BuildingProductionSystem targeting Groundwork.Simulation.CitizenMovementSystem.
This attribute can only order systems that are members of the same ComponentSystemGroup instance.
Make sure that both systems are in the same system group with [UpdateInGroup(typeof(Groundwork.Simulation.GroundworkSimulationGroup))],
or by manually adding both systems to the same group's update list.
Ignoring invalid [Unity.Entities.UpdateAfterAttribute] attribute on Groundwork.Simulation.BuildingProductionSystem targeting Groundwork.Simulation.CitizenMovementSystem.
This attribute can only order systems that are members of the same ComponentSystemGroup instance.
Make sure that both systems are in the same system group with [UpdateInGroup(typeof(Groundwork.Simulation.GroundworkSimulationGroup))],
or by manually adding both systems to the same group's update list.
Ignoring invalid [Unity.Entities.UpdateAfterAttribute] attribute on Groundwork.Simulation.BuildingProductionSystem targeting Groundwork.Simulation.CitizenMovementSystem.
This attribute can only order systems that are members of the same ComponentSystemGroup instance.
Make sure that both systems are in the same system group with [UpdateInGroup(typeof(Groundwork.Simulation.GroundworkSimulationGroup))],
or by manually adding both systems to the same group's update list.
Ignoring invalid [Unity.Entities.UpdateAfterAttribute] attribute on Groundwork.Simulation.BuildingProductionSystem targeting Groundwork.Simulation.CitizenMovementSystem.
This attribute can only order systems that are members of the same ComponentSystemGroup instance.
Make sure that both systems are in the same system group with [UpdateInGroup(typeof(Groundwork.Simulation.GroundworkSimulationGroup))],
or by manually adding both systems to the same group's update list.
Ignoring invalid [Unity.Entities.UpdateAfterAttribute] attribute on Groundwork.Simulation.BuildingProductionSystem targeting Groundwork.Simulation.CitizenMovementSystem.
This attribute can only order systems that are members of the same ComponentSystemGroup instance.
Make sure that both systems are in the same system group with [UpdateInGroup(typeof(Groundwork.Simulation.GroundworkSimulationGroup))],
or by manually adding both systems to the same group's update list.
Ignoring invalid [Unity.Entities.UpdateAfterAttribute] attribute on Groundwork.Simulation.BuildingProductionSystem targeting Groundwork.Simulation.CitizenMovementSystem.
This attribute can only order systems that are members of the same ComponentSystemGroup instance.
Make sure that both systems are in the same system group with [UpdateInGroup(typeof(Groundwork.Simulation.GroundworkSimulationGroup))],
or by manually adding both systems to the same group's update list.
Ignoring invalid [Unity.Entities.UpdateAfterAttribute] attribute on Groundwork.Simulation.BuildingProductionSystem targeting Groundwork.Simulation.CitizenMovementSystem.
This attribute can only order systems that are members of the same ComponentSystemGroup instance.
Make sure that both systems are in the same system group with [UpdateInGroup(typeof(Groundwork.Simulation.GroundworkSimulationGroup))],
or by manually adding both systems to the same group's update list.
Ignoring invalid [Unity.Entities.UpdateAfterAttribute] attribute on Groundwork.Simulation.BuildingProductionSystem targeting Groundwork.Simulation.CitizenMovementSystem.
This attribute can only order systems that are members of the same ComponentSystemGroup instance.
Make sure that both systems are in the same system group with [UpdateInGroup(typeof(Groundwork.Simulation.GroundworkSimulationGroup))],
or by manually adding both systems to the same group's update list.
]]></output>
              </test-case>
              <test-case id="1002" name="GatherFood_ProducesFood_WithoutInputs" fullname="Groundwork.Tests.Simulation.BuildingProductionSystemTests.GatherFood_ProducesFood_WithoutInputs" methodname="GatherFood_ProducesFood_WithoutInputs" classname="Groundwork.Tests.Simulation.BuildingProductionSystemTests" runstate="Runnable" seed="852505322" result="Passed" start-time="2026-07-24 15:32:59Z" end-time="2026-07-24 15:32:59Z" duration="0.009271" asserts="0">
                <properties>
                  <property name="retryIteration" value="0" />
                  <property name="repeatIteration" value="0" />
                </properties>
                <output><![CDATA[Ignoring invalid [Unity.Entities.UpdateAfterAttribute] attribute on Groundwork.Simulation.BuildingProductionSystem targeting Groundwork.Simulation.CitizenMovementSystem.
This attribute can only order systems that are members of the same ComponentSystemGroup instance.
Make sure that both systems are in the same system group with [UpdateInGroup(typeof(Groundwork.Simulation.GroundworkSimulationGroup))],
or by manually adding both systems to the same group's update list.
Ignoring invalid [Unity.Entities.UpdateAfterAttribute] attribute on Groundwork.Simulation.BuildingProductionSystem targeting Groundwork.Simulation.CitizenMovementSystem.
This attribute can only order systems that are members of the same ComponentSystemGroup instance.
Make sure that both systems are in the same system group with [UpdateInGroup(typeof(Groundwork.Simulation.GroundworkSimulationGroup))],
or by manually adding both systems to the same group's update list.
Ignoring invalid [Unity.Entities.UpdateAfterAttribute] attribute on Groundwork.Simulation.BuildingProductionSystem targeting Groundwork.Simulation.CitizenMovementSystem.
This attribute can only order systems that are members of the same ComponentSystemGroup instance.
Make sure that both systems are in the same system group with [UpdateInGroup(typeof(Groundwork.Simulation.GroundworkSimulationGroup))],
or by manually adding both systems to the same group's update list.
Ignoring invalid [Unity.Entities.UpdateAfterAttribute] attribute on Groundwork.Simulation.BuildingProductionSystem targeting Groundwork.Simulation.CitizenMovementSystem.
This attribute can only order systems that are members of the same ComponentSystemGroup instance.
Make sure that both systems are in the same system group with [UpdateInGroup(typeof(Groundwork.Simulation.GroundworkSimulationGroup))],
or by manually adding both systems to the same group's update list.
Ignoring invalid [Unity.Entities.UpdateAfterAttribute] attribute on Groundwork.Simulation.BuildingProductionSystem targeting Groundwork.Simulation.CitizenMovementSystem.
This attribute can only order systems that are members of the same ComponentSystemGroup instance.
Make sure that both systems are in the same system group with [UpdateInGroup(typeof(Groundwork.Simulation.GroundworkSimulationGroup))],
or by manually adding both systems to the same group's update list.
Ignoring invalid [Unity.Entities.UpdateAfterAttribute] attribute on Groundwork.Simulation.BuildingProductionSystem targeting Groundwork.Simulation.CitizenMovementSystem.
This attribute can only order systems that are members of the same ComponentSystemGroup instance.
Make sure that both systems are in the same system group with [UpdateInGroup(typeof(Groundwork.Simulation.GroundworkSimulationGroup))],
or by manually adding both systems to the same group's update list.
Ignoring invalid [Unity.Entities.UpdateAfterAttribute] attribute on Groundwork.Simulation.BuildingProductionSystem targeting Groundwork.Simulation.CitizenMovementSystem.
This attribute can only order systems that are members of the same ComponentSystemGroup instance.
Make sure that both systems are in the same system group with [UpdateInGroup(typeof(Groundwork.Simulation.GroundworkSimulationGroup))],
or by manually adding both systems to the same group's update list.
Ignoring invalid [Unity.Entities.UpdateAfterAttribute] attribute on Groundwork.Simulation.BuildingProductionSystem targeting Groundwork.Simulation.CitizenMovementSystem.
This attribute can only order systems that are members of the same ComponentSystemGroup instance.
Make sure that both systems are in the same system group with [UpdateInGroup(typeof(Groundwork.Simulation.GroundworkSimulationGroup))],
or by manually adding both systems to the same group's update list.
Ignoring invalid [Unity.Entities.UpdateAfterAttribute] attribute on Groundwork.Simulation.BuildingProductionSystem targeting Groundwork.Simulation.CitizenMovementSystem.
This attribute can only order systems that are members of the same ComponentSystemGroup instance.
Make sure that both systems are in the same system group with [UpdateInGroup(typeof(Groundwork.Simulation.GroundworkSimulationGroup))],
or by manually adding both systems to the same group's update list.
Ignoring invalid [Unity.Entities.UpdateAfterAttribute] attribute on Groundwork.Simulation.BuildingProductionSystem targeting Groundwork.Simulation.CitizenMovementSystem.
This attribute can only order systems that are members of the same ComponentSystemGroup instance.
Make sure that both systems are in the same system group with [UpdateInGroup(typeof(Groundwork.Simulation.GroundworkSimulationGroup))],
or by manually adding both systems to the same group's update list.
]]></output>
              </test-case>
              <test-case id="1005" name="ProductionStops_WhenAlreadyComplete" fullname="Groundwork.Tests.Simulation.BuildingProductionSystemTests.ProductionStops_WhenAlreadyComplete" methodname="ProductionStops_WhenAlreadyComplete" classname="Groundwork.Tests.Simulation.BuildingProductionSystemTests" runstate="Runnable" seed="1009833886" result="Passed" start-time="2026-07-24 15:32:59Z" end-time="2026-07-24 15:32:59Z" duration="0.003425" asserts="0">
                <properties>
                  <property name="retryIteration" value="0" />
                  <property name="repeatIteration" value="0" />
                </properties>
                <output><![CDATA[Ignoring invalid [Unity.Entities.UpdateAfterAttribute] attribute on Groundwork.Simulation.BuildingProductionSystem targeting Groundwork.Simulation.CitizenMovementSystem.
This attribute can only order systems that are members of the same ComponentSystemGroup instance.
Make sure that both systems are in the same system group with [UpdateInGroup(typeof(Groundwork.Simulation.GroundworkSimulationGroup))],
or by manually adding both systems to the same group's update list.
]]></output>
              </test-case>
            </test-suite>
            <test-suite type="TestFixture" id="1007" name="CalendarSystemTests" fullname="Groundwork.Tests.Simulation.CalendarSystemTests" classname="Groundwork.Tests.Simulation.CalendarSystemTests" runstate="Runnable" testcasecount="5" result="Failed" site="Child" start-time="2026-07-24 15:32:59Z" end-time="2026-07-24 15:32:59Z" duration="0.044458" total="5" passed="2" failed="3" inconclusive="0" skipped="0" asserts="0">
              <properties />
              <failure>
                <message><![CDATA[One or more child tests had errors]]></message>
              </failure>
              <test-case id="1008" name="AdvancesDayOfSeason_WhenTickCrossesDayBoundary" fullname="Groundwork.Tests.Simulation.CalendarSystemTests.AdvancesDayOfSeason_WhenTickCrossesDayBoundary" methodname="AdvancesDayOfSeason_WhenTickCrossesDayBoundary" classname="Groundwork.Tests.Simulation.CalendarSystemTests" runstate="Runnable" seed="1651110337" result="Passed" start-time="2026-07-24 15:32:59Z" end-time="2026-07-24 15:32:59Z" duration="0.011137" asserts="0">
                <properties>
                  <property name="retryIteration" value="0" />
                  <property name="repeatIteration" value="0" />
                </properties>
                <output><![CDATA[Ignoring invalid [Unity.Entities.UpdateAfterAttribute] attribute on Groundwork.Simulation.CalendarSystem targeting Groundwork.Simulation.TickDispatchSystem.
This attribute can only order systems that are members of the same ComponentSystemGroup instance.
Make sure that both systems are in the same system group with [UpdateInGroup(typeof(Groundwork.Simulation.GroundworkSimulationGroup))],
or by manually adding both systems to the same group's update list.
]]></output>
              </test-case>
              <test-case id="1009" name="DoesNotAdvance_MidDay" fullname="Groundwork.Tests.Simulation.CalendarSystemTests.DoesNotAdvance_MidDay" methodname="DoesNotAdvance_MidDay" classname="Groundwork.Tests.Simulation.CalendarSystemTests" runstate="Runnable" seed="1601008450" result="Passed" start-time="2026-07-24 15:32:59Z" end-time="2026-07-24 15:32:59Z" duration="0.003071" asserts="0">
                <properties>
                  <property name="retryIteration" value="0" />
                  <property name="repeatIteration" value="0" />
                </properties>
                <output><![CDATA[Ignoring invalid [Unity.Entities.UpdateAfterAttribute] attribute on Groundwork.Simulation.CalendarSystem targeting Groundwork.Simulation.TickDispatchSystem.
This attribute can only order systems that are members of the same ComponentSystemGroup instance.
Make sure that both systems are in the same system group with [UpdateInGroup(typeof(Groundwork.Simulation.GroundworkSimulationGroup))],
or by manually adding both systems to the same group's update list.
]]></output>
              </test-case>
              <test-case id="1010" name="RollsOverSeason_AtEndOfSeason" fullname="Groundwork.Tests.Simulation.CalendarSystemTests.RollsOverSeason_AtEndOfSeason" methodname="RollsOverSeason_AtEndOfSeason" classname="Groundwork.Tests.Simulation.CalendarSystemTests" runstate="Runnable" seed="29177149" result="Failed" start-time="2026-07-24 15:32:59Z" end-time="2026-07-24 15:32:59Z" duration="0.003579" asserts="0">
                <properties>
                  <property name="retryIteration" value="0" />
                  <property name="repeatIteration" value="0" />
                </properties>
                <failure>
                  <message><![CDATA[  Should roll over to summer
  Expected: 1
  But was:  0
]]></message>
                  <stack-trace><![CDATA[at Groundwork.Tests.Simulation.CalendarSystemTests.RollsOverSeason_AtEndOfSeason () [0x000ae] in /home/tim/source/activity/Groundwork/Assets/Tests/EditMode/Simulation/CalendarSystemTests.cs:56
]]></stack-trace>
                </failure>
                <output><![CDATA[Ignoring invalid [Unity.Entities.UpdateAfterAttribute] attribute on Groundwork.Simulation.CalendarSystem targeting Groundwork.Simulation.TickDispatchSystem.
This attribute can only order systems that are members of the same ComponentSystemGroup instance.
Make sure that both systems are in the same system group with [UpdateInGroup(typeof(Groundwork.Simulation.GroundworkSimulationGroup))],
or by manually adding both systems to the same group's update list.
]]></output>
              </test-case>
              <test-case id="1011" name="RollsOverYear_WhenAllSeasonsPass" fullname="Groundwork.Tests.Simulation.CalendarSystemTests.RollsOverYear_WhenAllSeasonsPass" methodname="RollsOverYear_WhenAllSeasonsPass" classname="Groundwork.Tests.Simulation.CalendarSystemTests" runstate="Runnable" seed="1820451668" result="Failed" start-time="2026-07-24 15:32:59Z" end-time="2026-07-24 15:32:59Z" duration="0.003836" asserts="0">
                <properties>
                  <property name="retryIteration" value="0" />
                  <property name="repeatIteration" value="0" />
                </properties>
                <failure>
                  <message><![CDATA[  Expected: 2
  But was:  1
]]></message>
                  <stack-trace><![CDATA[at Groundwork.Tests.Simulation.CalendarSystemTests.RollsOverYear_WhenAllSeasonsPass () [0x000ac] in /home/tim/source/activity/Groundwork/Assets/Tests/EditMode/Simulation/CalendarSystemTests.cs:77
]]></stack-trace>
                </failure>
                <output><![CDATA[Ignoring invalid [Unity.Entities.UpdateAfterAttribute] attribute on Groundwork.Simulation.CalendarSystem targeting Groundwork.Simulation.TickDispatchSystem.
This attribute can only order systems that are members of the same ComponentSystemGroup instance.
Make sure that both systems are in the same system group with [UpdateInGroup(typeof(Groundwork.Simulation.GroundworkSimulationGroup))],
or by manually adding both systems to the same group's update list.
]]></output>
              </test-case>
              <test-case id="1012" name="SetsSeasonData_Correctly" fullname="Groundwork.Tests.Simulation.CalendarSystemTests.SetsSeasonData_Correctly" methodname="SetsSeasonData_Correctly" classname="Groundwork.Tests.Simulation.CalendarSystemTests" runstate="Runnable" seed="337961550" result="Failed" start-time="2026-07-24 15:32:59Z" end-time="2026-07-24 15:32:59Z" duration="0.010765" asserts="0">
                <properties>
                  <property name="retryIteration" value="0" />
                  <property name="repeatIteration" value="0" />
                </properties>
                <failure>
                  <message><![CDATA[  Expected: 1.0f +/- 0.00999999978f
  But was:  0.5f
]]></message>
                  <stack-trace><![CDATA[at Groundwork.Tests.Simulation.CalendarSystemTests.SetsSeasonData_Correctly () [0x000b8] in /home/tim/source/activity/Groundwork/Assets/Tests/EditMode/Simulation/CalendarSystemTests.cs:98
]]></stack-trace>
                </failure>
                <output><![CDATA[Ignoring invalid [Unity.Entities.UpdateAfterAttribute] attribute on Groundwork.Simulation.CalendarSystem targeting Groundwork.Simulation.TickDispatchSystem.
This attribute can only order systems that are members of the same ComponentSystemGroup instance.
Make sure that both systems are in the same system group with [UpdateInGroup(typeof(Groundwork.Simulation.GroundworkSimulationGroup))],
or by manually adding both systems to the same group's update list.
Ignoring invalid [Unity.Entities.UpdateAfterAttribute] attribute on Groundwork.Simulation.CalendarSystem targeting Groundwork.Simulation.TickDispatchSystem.
This attribute can only order systems that are members of the same ComponentSystemGroup instance.
Make sure that both systems are in the same system group with [UpdateInGroup(typeof(Groundwork.Simulation.GroundworkSimulationGroup))],
or by manually adding both systems to the same group's update list.
]]></output>
              </test-case>
            </test-suite>
            <test-suite type="TestFixture" id="1013" name="CitizenAgeSystemTests" fullname="Groundwork.Tests.Simulation.CitizenAgeSystemTests" classname="Groundwork.Tests.Simulation.CitizenAgeSystemTests" runstate="Runnable" testcasecount="8" result="Failed" site="Child" start-time="2026-07-24 15:32:59Z" end-time="2026-07-24 15:32:59Z" duration="0.155936" total="8" passed="7" failed="1" inconclusive="0" skipped="0" asserts="0">
              <properties />
              <failure>
                <message><![CDATA[One or more child tests had errors]]></message>
              </failure>
              <test-case id="1014" name="AgesCitizen_EachDay" fullname="Groundwork.Tests.Simulation.CitizenAgeSystemTests.AgesCitizen_EachDay" methodname="AgesCitizen_EachDay" classname="Groundwork.Tests.Simulation.CitizenAgeSystemTests" runstate="Runnable" seed="152370940" result="Passed" start-time="2026-07-24 15:32:59Z" end-time="2026-07-24 15:32:59Z" duration="0.035938" asserts="0">
                <properties>
                  <property name="retryIteration" value="0" />
                  <property name="repeatIteration" value="0" />
                </properties>
                <output><![CDATA[Ignoring invalid [Unity.Entities.UpdateAfterAttribute] attribute on Groundwork.Simulation.CitizenAgeSystem targeting Groundwork.Simulation.CalendarSystem.
This attribute can only order systems that are members of the same ComponentSystemGroup instance.
Make sure that both systems are in the same system group with [UpdateInGroup(typeof(Groundwork.Simulation.GroundworkSimulationGroup))],
or by manually adding both systems to the same group's update list.
]]></output>
              </test-case>
              <test-case id="1015" name="DoesNotAge_MidDay" fullname="Groundwork.Tests.Simulation.CitizenAgeSystemTests.DoesNotAge_MidDay" methodname="DoesNotAge_MidDay" classname="Groundwork.Tests.Simulation.CitizenAgeSystemTests" runstate="Runnable" seed="360952158" result="Passed" start-time="2026-07-24 15:32:59Z" end-time="2026-07-24 15:32:59Z" duration="0.004778" asserts="0">
                <properties>
                  <property name="retryIteration" value="0" />
                  <property name="repeatIteration" value="0" />
                </properties>
                <output><![CDATA[Ignoring invalid [Unity.Entities.UpdateAfterAttribute] attribute on Groundwork.Simulation.CitizenAgeSystem targeting Groundwork.Simulation.CalendarSystem.
This attribute can only order systems that are members of the same ComponentSystemGroup instance.
Make sure that both systems are in the same system group with [UpdateInGroup(typeof(Groundwork.Simulation.GroundworkSimulationGroup))],
or by manually adding both systems to the same group's update list.
]]></output>
              </test-case>
              <test-case id="1020" name="DoesNotTagDead_Before90" fullname="Groundwork.Tests.Simulation.CitizenAgeSystemTests.DoesNotTagDead_Before90" methodname="DoesNotTagDead_Before90" classname="Groundwork.Tests.Simulation.CitizenAgeSystemTests" runstate="Runnable" seed="361323936" result="Passed" start-time="2026-07-24 15:32:59Z" end-time="2026-07-24 15:32:59Z" duration="0.002288" asserts="0">
                <properties>
                  <property name="retryIteration" value="0" />
                  <property name="repeatIteration" value="0" />
                </properties>
              </test-case>
              <test-case id="1017" name="RemovesChildTag_WhenComingOfAge" fullname="Groundwork.Tests.Simulation.CitizenAgeSystemTests.RemovesChildTag_WhenComingOfAge" methodname="RemovesChildTag_WhenComingOfAge" classname="Groundwork.Tests.Simulation.CitizenAgeSystemTests" runstate="Runnable" seed="1781724450" result="Passed" start-time="2026-07-24 15:32:59Z" end-time="2026-07-24 15:32:59Z" duration="0.001762" asserts="0">
                <properties>
                  <property name="retryIteration" value="0" />
                  <property name="repeatIteration" value="0" />
                </properties>
              </test-case>
              <test-case id="1021" name="SkipsDeadCitizens" fullname="Groundwork.Tests.Simulation.CitizenAgeSystemTests.SkipsDeadCitizens" methodname="SkipsDeadCitizens" classname="Groundwork.Tests.Simulation.CitizenAgeSystemTests" runstate="Runnable" seed="1595921870" result="Passed" start-time="2026-07-24 15:32:59Z" end-time="2026-07-24 15:32:59Z" duration="0.003759" asserts="0">
                <properties>
                  <property name="retryIteration" value="0" />
                  <property name="repeatIteration" value="0" />
                </properties>
                <output><![CDATA[Ignoring invalid [Unity.Entities.UpdateAfterAttribute] attribute on Groundwork.Simulation.CitizenAgeSystem targeting Groundwork.Simulation.CalendarSystem.
This attribute can only order systems that are members of the same ComponentSystemGroup instance.
Make sure that both systems are in the same system group with [UpdateInGroup(typeof(Groundwork.Simulation.GroundworkSimulationGroup))],
or by manually adding both systems to the same group's update list.
]]></output>
              </test-case>
              <test-case id="1016" name="TagsChildren_Under16" fullname="Groundwork.Tests.Simulation.CitizenAgeSystemTests.TagsChildren_Under16" methodname="TagsChildren_Under16" classname="Groundwork.Tests.Simulation.CitizenAgeSystemTests" runstate="Runnable" seed="1318564397" result="Passed" start-time="2026-07-24 15:32:59Z" end-time="2026-07-24 15:32:59Z" duration="0.001256" asserts="0">
                <properties>
                  <property name="retryIteration" value="0" />
                  <property name="repeatIteration" value="0" />
                </properties>
              </test-case>
              <test-case id="1019" name="TagsDead_At90" fullname="Groundwork.Tests.Simulation.CitizenAgeSystemTests.TagsDead_At90" methodname="TagsDead_At90" classname="Groundwork.Tests.Simulation.CitizenAgeSystemTests" runstate="Runnable" seed="1108626693" result="Failed" start-time="2026-07-24 15:32:59Z" end-time="2026-07-24 15:32:59Z" duration="0.003040" asserts="0">
                <properties>
                  <property name="retryIteration" value="0" />
                  <property name="repeatIteration" value="0" />
                </properties>
                <failure>
                  <message><![CDATA[  Citizen over 90 should be tagged Dead
  Expected: True
  But was:  False
]]></message>
                  <stack-trace><![CDATA[at Groundwork.Tests.Simulation.CitizenAgeSystemTests.TagsDead_At90 () [0x0003c] in /home/tim/source/activity/Groundwork/Assets/Tests/EditMode/Simulation/CitizenAgeSystemTests.cs:83
]]></stack-trace>
                </failure>
              </test-case>
              <test-case id="1018" name="TagsElderly_At60" fullname="Groundwork.Tests.Simulation.CitizenAgeSystemTests.TagsElderly_At60" methodname="TagsElderly_At60" classname="Groundwork.Tests.Simulation.CitizenAgeSystemTests" runstate="Runnable" seed="1223795054" result="Passed" start-time="2026-07-24 15:32:59Z" end-time="2026-07-24 15:32:59Z" duration="0.002666" asserts="0">
                <properties>
                  <property name="retryIteration" value="0" />
                  <property name="repeatIteration" value="0" />
                </properties>
              </test-case>
            </test-suite>
            <test-suite type="TestFixture" id="1022" name="CitizenNeedSystemTests" fullname="Groundwork.Tests.Simulation.CitizenNeedSystemTests" classname="Groundwork.Tests.Simulation.CitizenNeedSystemTests" runstate="Runnable" testcasecount="6" result="Passed" start-time="2026-07-24 15:32:59Z" end-time="2026-07-24 15:32:59Z" duration="0.216558" total="6" passed="6" failed="0" inconclusive="0" skipped="0" asserts="0">
              <properties />
              <test-case id="1028" name="CapsUrgency_AtOne" fullname="Groundwork.Tests.Simulation.CitizenNeedSystemTests.CapsUrgency_AtOne" methodname="CapsUrgency_AtOne" classname="Groundwork.Tests.Simulation.CitizenNeedSystemTests" runstate="Runnable" seed="498099974" result="Passed" start-time="2026-07-24 15:32:59Z" end-time="2026-07-24 15:32:59Z" duration="0.170118" asserts="0">
                <properties>
                  <property name="retryIteration" value="0" />
                  <property name="repeatIteration" value="0" />
                </properties>
                <output><![CDATA[Ignoring invalid [Unity.Entities.UpdateAfterAttribute] attribute on Groundwork.Simulation.CitizenNeedSystem targeting Groundwork.Simulation.CitizenAgeSystem.
This attribute can only order systems that are members of the same ComponentSystemGroup instance.
Make sure that both systems are in the same system group with [UpdateInGroup(typeof(Groundwork.Simulation.GroundworkSimulationGroup))],
or by manually adding both systems to the same group's update list.
Ignoring invalid [Unity.Entities.UpdateAfterAttribute] attribute on Groundwork.Simulation.CitizenNeedSystem targeting Groundwork.Simulation.CitizenAgeSystem.
This attribute can only order systems that are members of the same ComponentSystemGroup instance.
Make sure that both systems are in the same system group with [UpdateInGroup(typeof(Groundwork.Simulation.GroundworkSimulationGroup))],
or by manually adding both systems to the same group's update list.
Ignoring invalid [Unity.Entities.UpdateAfterAttribute] attribute on Groundwork.Simulation.CitizenNeedSystem targeting Groundwork.Simulation.CitizenAgeSystem.
This attribute can only order systems that are members of the same ComponentSystemGroup instance.
Make sure that both systems are in the same system group with [UpdateInGroup(typeof(Groundwork.Simulation.GroundworkSimulationGroup))],
or by manually adding both systems to the same group's update list.
Ignoring invalid [Unity.Entities.UpdateAfterAttribute] attribute on Groundwork.Simulation.CitizenNeedSystem targeting Groundwork.Simulation.CitizenAgeSystem.
This attribute can only order systems that are members of the same ComponentSystemGroup instance.
Make sure that both systems are in the same system group with [UpdateInGroup(typeof(Groundwork.Simulation.GroundworkSimulationGroup))],
or by manually adding both systems to the same group's update list.
Ignoring invalid [Unity.Entities.UpdateAfterAttribute] attribute on Groundwork.Simulation.CitizenNeedSystem targeting Groundwork.Simulation.CitizenAgeSystem.
This attribute can only order systems that are members of the same ComponentSystemGroup instance.
Make sure that both systems are in the same system group with [UpdateInGroup(typeof(Groundwork.Simulation.GroundworkSimulationGroup))],
or by manually adding both systems to the same group's update list.
Ignoring invalid [Unity.Entities.UpdateAfterAttribute] attribute on Groundwork.Simulation.CitizenNeedSystem targeting Groundwork.Simulation.CitizenAgeSystem.
This attribute can only order systems that are members of the same ComponentSystemGroup instance.
Make sure that both systems are in the same system group with [UpdateInGroup(typeof(Groundwork.Simulation.GroundworkSimulationGroup))],
or by manually adding both systems to the same group's update list.
Ignoring invalid [Unity.Entities.UpdateAfterAttribute] attribute on Groundwork.Simulation.CitizenNeedSystem targeting Groundwork.Simulation.CitizenAgeSystem.
This attribute can only order systems that are members of the same ComponentSystemGroup instance.
Make sure that both systems are in the same system group with [UpdateInGroup(typeof(Groundwork.Simulation.GroundworkSimulationGroup))],
or by manually adding both systems to the same group's update list.
Ignoring invalid [Unity.Entities.UpdateAfterAttribute] attribute on Groundwork.Simulation.CitizenNeedSystem targeting Groundwork.Simulation.CitizenAgeSystem.
This attribute can only order systems that are members of the same ComponentSystemGroup instance.
Make sure that both systems are in the same system group with [UpdateInGroup(typeof(Groundwork.Simulation.GroundworkSimulationGroup))],
or by manually adding both systems to the same group's update list.
Ignoring invalid [Unity.Entities.UpdateAfterAttribute] attribute on Groundwork.Simulation.CitizenNeedSystem targeting Groundwork.Simulation.CitizenAgeSystem.
This attribute can only order systems that are members of the same ComponentSystemGroup instance.
Make sure that both systems are in the same system group with [UpdateInGroup(typeof(Groundwork.Simulation.GroundworkSimulationGroup))],
or by manually adding both systems to the same group's update list.
Ignoring invalid [Unity.Entities.UpdateAfterAttribute] attribute on Groundwork.Simulation.CitizenNeedSystem targeting Groundwork.Simulation.CitizenAgeSystem.
This attribute can only order systems that are members of the same ComponentSystemGroup instance.
Make sure that both systems are in the same system group with [UpdateInGroup(typeof(Groundwork.Simulation.GroundworkSimulationGroup))],
or by manually adding both systems to the same group's update list.
Ignoring invalid [Unity.Entities.UpdateAfterAttribute] attribute on Groundwork.Simulation.CitizenNeedSystem targeting Groundwork.Simulation.CitizenAgeSystem.
This attribute can only order systems that are members of the same ComponentSystemGroup instance.
Make sure that both systems are in the same system group with [UpdateInGroup(typeof(Groundwork.Simulation.GroundworkSimulationGroup))],
or by manually adding both systems to the same group's update list.
Ignoring invalid [Unity.Entities.UpdateAfterAttribute] attribute on Groundwork.Simulation.CitizenNeedSystem targeting Groundwork.Simulation.CitizenAgeSystem.
This attribute can only order systems that are members of the same ComponentSystemGroup instance.
Make sure that both systems are in the same system group with [UpdateInGroup(typeof(Groundwork.Simulation.GroundworkSimulationGroup))],
or by manually adding both systems to the same group's update list.
Ignoring invalid [Unity.Entities.UpdateAfterAttribute] attribute on Groundwork.Simulation.CitizenNeedSystem targeting Groundwork.Simulation.CitizenAgeSystem.
This attribute can only order systems that are members of the same ComponentSystemGroup instance.
Make sure that both systems are in the same system group with [UpdateInGroup(typeof(Groundwork.Simulation.GroundworkSimulationGroup))],
or by manually adding both systems to the same group's update list.
Ignoring invalid [Unity.Entities.UpdateAfterAttribute] attribute on Groundwork.Simulation.CitizenNeedSystem targeting Groundwork.Simulation.CitizenAgeSystem.
This attribute can only order systems that are members of the same ComponentSystemGroup instance.
Make sure that both systems are in the same system group with [UpdateInGroup(typeof(Groundwork.Simulation.GroundworkSimulationGroup))],
or by manually adding both systems to the same group's update list.
Ignoring invalid [Unity.Entities.UpdateAfterAttribute] attribute on Groundwork.Simulation.CitizenNeedSystem targeting Groundwork.Simulation.CitizenAgeSystem.
This attribute can only order systems that are members of the same ComponentSystemGroup instance.
Make sure that both systems are in the same system group with [UpdateInGroup(typeof(Groundwork.Simulation.GroundworkSimulationGroup))],
or by manually adding both systems to the same group's update list.
Ignoring invalid [Unity.Entities.UpdateAfterAttribute] attribute on Groundwork.Simulation.CitizenNeedSystem targeting Groundwork.Simulation.CitizenAgeSystem.
This attribute can only order systems that are members of the same ComponentSystemGroup instance.
Make sure that both systems are in the same system group with [UpdateInGroup(typeof(Groundwork.Simulation.GroundworkSimulationGroup))],
or by manually adding both systems to the same group's update list.
Ignoring invalid [Unity.Entities.UpdateAfterAttribute] attribute on Groundwork.Simulation.CitizenNeedSystem targeting Groundwork.Simulation.CitizenAgeSystem.
This attribute can only order systems that are members of the same ComponentSystemGroup instance.
Make sure that both systems are in the same system group with [UpdateInGroup(typeof(Groundwork.Simulation.GroundworkSimulationGroup))],
or by manually adding both systems to the same group's update list.
Ignoring invalid [Unity.Entities.UpdateAfterAttribute] attribute on Groundwork.Simulation.CitizenNeedSystem targeting Groundwork.Simulation.CitizenAgeSystem.
This attribute can only order systems that are members of the same ComponentSystemGroup instance.
Make sure that both systems are in the same system group with [UpdateInGroup(typeof(Groundwork.Simulation.GroundworkSimulationGroup))],
or by manually adding both systems to the same group's update list.
Ignoring invalid [Unity.Entities.UpdateAfterAttribute] attribute on Groundwork.Simulation.CitizenNeedSystem targeting Groundwork.Simulation.CitizenAgeSystem.
This attribute can only order systems that are members of the same ComponentSystemGroup instance.
Make sure that both systems are in the same system group with [UpdateInGroup(typeof(Groundwork.Simulation.GroundworkSimulationGroup))],
or by manually adding both systems to the same group's update list.
Ignoring invalid [Unity.Entities.UpdateAfterAttribute] attribute on Groundwork.Simulation.CitizenNeedSystem targeting Groundwork.Simulation.CitizenAgeSystem.
This attribute can only order systems that are members of the same ComponentSystemGroup instance.
Make sure that both systems are in the same system group with [UpdateInGroup(typeof(Groundwork.Simulation.GroundworkSimulationGroup))],
or by manually adding both systems to the same group's update list.
Ignoring invalid [Unity.Entities.UpdateAfterAttribute] attribute on Groundwork.Simulation.CitizenNeedSystem targeting Groundwork.Simulation.CitizenAgeSystem.
This attribute can only order systems that are members of the same ComponentSystemGroup instance.
Make sure that both systems are in the same system group with [UpdateInGroup(typeof(Groundwork.Simulation.GroundworkSimulationGroup))],
or by manually adding both systems to the same group's update list.
Ignoring invalid [Unity.Entities.UpdateAfterAttribute] attribute on Groundwork.Simulation.CitizenNeedSystem targeting Groundwork.Simulation.CitizenAgeSystem.
This attribute can only order systems that are members of the same ComponentSystemGroup instance.
Make sure that both systems are in the same system group with [UpdateInGroup(typeof(Groundwork.Simulation.GroundworkSimulationGroup))],
or by manually adding both systems to the same group's update list.
Ignoring invalid [Unity.Entities.UpdateAfterAttribute] attribute on Groundwork.Simulation.CitizenNeedSystem targeting Groundwork.Simulation.CitizenAgeSystem.
This attribute can only order systems that are members of the same ComponentSystemGroup instance.
Make sure that both systems are in the same system group with [UpdateInGroup(typeof(Groundwork.Simulation.GroundworkSimulationGroup))],
or by manually adding both systems to the same group's update list.
Ignoring invalid [Unity.Entities.UpdateAfterAttribute] attribute on Groundwork.Simulation.CitizenNeedSystem targeting Groundwork.Simulation.CitizenAgeSystem.
This attribute can only order systems that are members of the same ComponentSystemGroup instance.
Make sure that both systems are in the same system group with [UpdateInGroup(typeof(Groundwork.Simulation.GroundworkSimulationGroup))],
or by manually adding both systems to the same group's update list.
Ignoring invalid [Unity.Entities.UpdateAfterAttribute] attribute on Groundwork.Simulation.CitizenNeedSystem targeting Groundwork.Simulation.CitizenAgeSystem.
This attribute can only order systems that are members of the same ComponentSystemGroup instance.
Make sure that both systems are in the same system group with [UpdateInGroup(typeof(Groundwork.Simulation.GroundworkSimulationGroup))],
or by manually adding both systems to the same group's update list.
Ignoring invalid [Unity.Entities.UpdateAfterAttribute] attribute on Groundwork.Simulation.CitizenNeedSystem targeting Groundwork.Simulation.CitizenAgeSystem.
This attribute can only order systems that are members of the same ComponentSystemGroup instance.
Make sure that both systems are in the same system group with [UpdateInGroup(typeof(Groundwork.Simulation.GroundworkSimulationGroup))],
or by manually adding both systems to the same group's update list.
Ignoring invalid [Unity.Entities.UpdateAfterAttribute] attribute on Groundwork.Simulation.CitizenNeedSystem targeting Groundwork.Simulation.CitizenAgeSystem.
This attribute can only order systems that are members of the same ComponentSystemGroup instance.
Make sure that both systems are in the same system group with [UpdateInGroup(typeof(Groundwork.Simulation.GroundworkSimulationGroup))],
or by manually adding both systems to the same group's update list.
Ignoring invalid [Unity.Entities.UpdateAfterAttribute] attribute on Groundwork.Simulation.CitizenNeedSystem targeting Groundwork.Simulation.CitizenAgeSystem.
This attribute can only order systems that are members of the same ComponentSystemGroup instance.
Make sure that both systems are in the same system group with [UpdateInGroup(typeof(Groundwork.Simulation.GroundworkSimulationGroup))],
or by manually adding both systems to the same group's update list.
Ignoring invalid [Unity.Entities.UpdateAfterAttribute] attribute on Groundwork.Simulation.CitizenNeedSystem targeting Groundwork.Simulation.CitizenAgeSystem.
This attribute can only order systems that are members of the same ComponentSystemGroup instance.
Make sure that both systems are in the same system group with [UpdateInGroup(typeof(Groundwork.Simulation.GroundworkSimulationGroup))],
or by manually adding both systems to the same group's update list.
Ignoring invalid [Unity.Entities.UpdateAfterAttribute] attribute on Groundwork.Simulation.CitizenNeedSystem targeting Groundwork.Simulation.CitizenAgeSystem.
This attribute can only order systems that are members of the same ComponentSystemGroup instance.
Make sure that both systems are in the same system group with [UpdateInGroup(typeof(Groundwork.Simulation.GroundworkSimulationGroup))],
or by manually adding both systems to the same group's update list.
Ignoring invalid [Unity.Entities.UpdateAfterAttribute] attribute on Groundwork.Simulation.CitizenNeedSystem targeting Groundwork.Simulation.CitizenAgeSystem.
This attribute can only order systems that are members of the same ComponentSystemGroup instance.
Make sure that both systems are in the same system group with [UpdateInGroup(typeof(Groundwork.Simulation.GroundworkSimulationGroup))],
or by manually adding both systems to the same group's update list.
Ignoring invalid [Unity.Entities.UpdateAfterAttribute] attribute on Groundwork.Simulation.CitizenNeedSystem targeting Groundwork.Simulation.CitizenAgeSystem.
This attribute can only order systems that are members of the same ComponentSystemGroup instance.
Make sure that both systems are in the same system group with [UpdateInGroup(typeof(Groundwork.Simulation.GroundworkSimulationGroup))],
or by manually adding both systems to the same group's update list.
Ignoring invalid [Unity.Entities.UpdateAfterAttribute] attribute on Groundwork.Simulation.CitizenNeedSystem targeting Groundwork.Simulation.CitizenAgeSystem.
This attribute can only order systems that are members of the same ComponentSystemGroup instance.
Make sure that both systems are in the same system group with [UpdateInGroup(typeof(Groundwork.Simulation.GroundworkSimulationGroup))],
or by manually adding both systems to the same group's update list.
Ignoring invalid [Unity.Entities.UpdateAfterAttribute] attribute on Groundwork.Simulation.CitizenNeedSystem targeting Groundwork.Simulation.CitizenAgeSystem.
This attribute can only order systems that are members of the same ComponentSystemGroup instance.
Make sure that both systems are in the same system group with [UpdateInGroup(typeof(Groundwork.Simulation.GroundworkSimulationGroup))],
or by manually adding both systems to the same group's update list.
Ignoring invalid [Unity.Entities.UpdateAfterAttribute] attribute on Groundwork.Simulation.CitizenNeedSystem targeting Groundwork.Simulation.CitizenAgeSystem.
This attribute can only order systems that are members of the same ComponentSystemGroup instance.
Make sure that both systems are in the same system group with [UpdateInGroup(typeof(Groundwork.Simulation.GroundworkSimulationGroup))],
or by manually adding both systems to the same group's update list.
Ignoring invalid [Unity.Entities.UpdateAfterAttribute] attribute on Groundwork.Simulation.CitizenNeedSystem targeting Groundwork.Simulation.CitizenAgeSystem.
This attribute can only order systems that are members of the same ComponentSystemGroup instance.
Make sure that both systems are in the same system group with [UpdateInGroup(typeof(Groundwork.Simulation.GroundworkSimulationGroup))],
or by manually adding both systems to the same group's update list.
Ignoring invalid [Unity.Entities.UpdateAfterAttribute] attribute on Groundwork.Simulation.CitizenNeedSystem targeting Groundwork.Simulation.CitizenAgeSystem.
This attribute can only order systems that are members of the same ComponentSystemGroup instance.
Make sure that both systems are in the same system group with [UpdateInGroup(typeof(Groundwork.Simulation.GroundworkSimulationGroup))],
or by manually adding both systems to the same group's update list.
Ignoring invalid [Unity.Entities.UpdateAfterAttribute] attribute on Groundwork.Simulation.CitizenNeedSystem targeting Groundwork.Simulation.CitizenAgeSystem.
This attribute can only order systems that are members of the same ComponentSystemGroup instance.
Make sure that both systems are in the same system group with [UpdateInGroup(typeof(Groundwork.Simulation.GroundworkSimulationGroup))],
or by manually adding both systems to the same group's update list.
Ignoring invalid [Unity.Entities.UpdateAfterAttribute] attribute on Groundwork.Simulation.CitizenNeedSystem targeting Groundwork.Simulation.CitizenAgeSystem.
This attribute can only order systems that are members of the same ComponentSystemGroup instance.
Make sure that both systems are in the same system group with [UpdateInGroup(typeof(Groundwork.Simulation.GroundworkSimulationGroup))],
or by manually adding both systems to the same group's update list.
Ignoring invalid [Unity.Entities.UpdateAfterAttribute] attribute on Groundwork.Simulation.CitizenNeedSystem targeting Groundwork.Simulation.CitizenAgeSystem.
This attribute can only order systems that are members of the same ComponentSystemGroup instance.
Make sure that both systems are in the same system group with [UpdateInGroup(typeof(Groundwork.Simulation.GroundworkSimulationGroup))],
or by manually adding both systems to the same group's update list.
Ignoring invalid [Unity.Entities.UpdateAfterAttribute] attribute on Groundwork.Simulation.CitizenNeedSystem targeting Groundwork.Simulation.CitizenAgeSystem.
This attribute can only order systems that are members of the same ComponentSystemGroup instance.
Make sure that both systems are in the same system group with [UpdateInGroup(typeof(Groundwork.Simulation.GroundworkSimulationGroup))],
or by manually adding both systems to the same group's update list.
Ignoring invalid [Unity.Entities.UpdateAfterAttribute] attribute on Groundwork.Simulation.CitizenNeedSystem targeting Groundwork.Simulation.CitizenAgeSystem.
This attribute can only order systems that are members of the same ComponentSystemGroup instance.
Make sure that both systems are in the same system group with [UpdateInGroup(typeof(Groundwork.Simulation.GroundworkSimulationGroup))],
or by manually adding both systems to the same group's update list.
Ignoring invalid [Unity.Entities.UpdateAfterAttribute] attribute on Groundwork.Simulation.CitizenNeedSystem targeting Groundwork.Simulation.CitizenAgeSystem.
This attribute can only order systems that are members of the same ComponentSystemGroup instance.
Make sure that both systems are in the same system group with [UpdateInGroup(typeof(Groundwork.Simulation.GroundworkSimulationGroup))],
or by manually adding both systems to the same group's update list.
Ignoring invalid [Unity.Entities.UpdateAfterAttribute] attribute on Groundwork.Simulation.CitizenNeedSystem targeting Groundwork.Simulation.CitizenAgeSystem.
This attribute can only order systems that are members of the same ComponentSystemGroup instance.
Make sure that both systems are in the same system group with [UpdateInGroup(typeof(Groundwork.Simulation.GroundworkSimulationGroup))],
or by manually adding both systems to the same group's update list.
Ignoring invalid [Unity.Entities.UpdateAfterAttribute] attribute on Groundwork.Simulation.CitizenNeedSystem targeting Groundwork.Simulation.CitizenAgeSystem.
This attribute can only order systems that are members of the same ComponentSystemGroup instance.
Make sure that both systems are in the same system group with [UpdateInGroup(typeof(Groundwork.Simulation.GroundworkSimulationGroup))],
or by manually adding both systems to the same group's update list.
Ignoring invalid [Unity.Entities.UpdateAfterAttribute] attribute on Groundwork.Simulation.CitizenNeedSystem targeting Groundwork.Simulation.CitizenAgeSystem.
This attribute can only order systems that are members of the same ComponentSystemGroup instance.
Make sure that both systems are in the same system group with [UpdateInGroup(typeof(Groundwork.Simulation.GroundworkSimulationGroup))],
or by manually adding both systems to the same group's update list.
Ignoring invalid [Unity.Entities.UpdateAfterAttribute] attribute on Groundwork.Simulation.CitizenNeedSystem targeting Groundwork.Simulation.CitizenAgeSystem.
This attribute can only order systems that are members of the same ComponentSystemGroup instance.
Make sure that both systems are in the same system group with [UpdateInGroup(typeof(Groundwork.Simulation.GroundworkSimulationGroup))],
or by manually adding both systems to the same group's update list.
Ignoring invalid [Unity.Entities.UpdateAfterAttribute] attribute on Groundwork.Simulation.CitizenNeedSystem targeting Groundwork.Simulation.CitizenAgeSystem.
This attribute can only order systems that are members of the same ComponentSystemGroup instance.
Make sure that both systems are in the same system group with [UpdateInGroup(typeof(Groundwork.Simulation.GroundworkSimulationGroup))],
or by manually adding both systems to the same group's update list.
Ignoring invalid [Unity.Entities.UpdateAfterAttribute] attribute on Groundwork.Simulation.CitizenNeedSystem targeting Groundwork.Simulation.CitizenAgeSystem.
This attribute can only order systems that are members of the same ComponentSystemGroup instance.
Make sure that both systems are in the same system group with [UpdateInGroup(typeof(Groundwork.Simulation.GroundworkSimulationGroup))],
or by manually adding both systems to the same group's update list.
Ignoring invalid [Unity.Entities.UpdateAfterAttribute] attribute on Groundwork.Simulation.CitizenNeedSystem targeting Groundwork.Simulation.CitizenAgeSystem.
This attribute can only order systems that are members of the same ComponentSystemGroup instance.
Make sure that both systems are in the same system group with [UpdateInGroup(typeof(Groundwork.Simulation.GroundworkSimulationGroup))],
or by manually adding both systems to the same group's update list.
Ignoring invalid [Unity.Entities.UpdateAfterAttribute] attribute on Groundwork.Simulation.CitizenNeedSystem targeting Groundwork.Simulation.CitizenAgeSystem.
This attribute can only order systems that are members of the same ComponentSystemGroup instance.
Make sure that both systems are in the same system group with [UpdateInGroup(typeof(Groundwork.Simulation.GroundworkSimulationGroup))],
or by manually adding both systems to the same group's update list.
Ignoring invalid [Unity.Entities.UpdateAfterAttribute] attribute on Groundwork.Simulation.CitizenNeedSystem targeting Groundwork.Simulation.CitizenAgeSystem.
This attribute can only order systems that are members of the same ComponentSystemGroup instance.
Make sure that both systems are in the same system group with [UpdateInGroup(typeof(Groundwork.Simulation.GroundworkSimulationGroup))],
or by manually adding both systems to the same group's update list.
Ignoring invalid [Unity.Entities.UpdateAfterAttribute] attribute on Groundwork.Simulation.CitizenNeedSystem targeting Groundwork.Simulation.CitizenAgeSystem.
This attribute can only order systems that are members of the same ComponentSystemGroup instance.
Make sure that both systems are in the same system group with [UpdateInGroup(typeof(Groundwork.Simulation.GroundworkSimulationGroup))],
or by manually adding both systems to the same group's update list.
Ignoring invalid [Unity.Entities.UpdateAfterAttribute] attribute on Groundwork.Simulation.CitizenNeedSystem targeting Groundwork.Simulation.CitizenAgeSystem.
This attribute can only order systems that are members of the same ComponentSystemGroup instance.
Make sure that both systems are in the same system group with [UpdateInGroup(typeof(Groundwork.Simulation.GroundworkSimulationGroup))],
or by manually adding both systems to the same group's update list.
Ignoring invalid [Unity.Entities.UpdateAfterAttribute] attribute on Groundwork.Simulation.CitizenNeedSystem targeting Groundwork.Simulation.CitizenAgeSystem.
This attribute can only order systems that are members of the same ComponentSystemGroup instance.
Make sure that both systems are in the same system group with [UpdateInGroup(typeof(Groundwork.Simulation.GroundworkSimulationGroup))],
or by manually adding both systems to the same group's update list.
Ignoring invalid [Unity.Entities.UpdateAfterAttribute] attribute on Groundwork.Simulation.CitizenNeedSystem targeting Groundwork.Simulation.CitizenAgeSystem.
This attribute can only order systems that are members of the same ComponentSystemGroup instance.
Make sure that both systems are in the same system group with [UpdateInGroup(typeof(Groundwork.Simulation.GroundworkSimulationGroup))],
or by manually adding both systems to the same group's update list.
Ignoring invalid [Unity.Entities.UpdateAfterAttribute] attribute on Groundwork.Simulation.CitizenNeedSystem targeting Groundwork.Simulation.CitizenAgeSystem.
This attribute can only order systems that are members of the same ComponentSystemGroup instance.
Make sure that both systems are in the same system group with [UpdateInGroup(typeof(Groundwork.Simulation.GroundworkSimulationGroup))],
or by manually adding both systems to the same group's update list.
Ignoring invalid [Unity.Entities.UpdateAfterAttribute] attribute on Groundwork.Simulation.CitizenNeedSystem targeting Groundwork.Simulation.CitizenAgeSystem.
This attribute can only order systems that are members of the same ComponentSystemGroup instance.
Make sure that both systems are in the same system group with [UpdateInGroup(typeof(Groundwork.Simulation.GroundworkSimulationGroup))],
or by manually adding both systems to the same group's update list.
Ignoring invalid [Unity.Entities.UpdateAfterAttribute] attribute on Groundwork.Simulation.CitizenNeedSystem targeting Groundwork.Simulation.CitizenAgeSystem.
This attribute can only order systems that are members of the same ComponentSystemGroup instance.
Make sure that both systems are in the same system group with [UpdateInGroup(typeof(Groundwork.Simulation.GroundworkSimulationGroup))],
or by manually adding both systems to the same group's update list.
Ignoring invalid [Unity.Entities.UpdateAfterAttribute] attribute on Groundwork.Simulation.CitizenNeedSystem targeting Groundwork.Simulation.CitizenAgeSystem.
This attribute can only order systems that are members of the same ComponentSystemGroup instance.
Make sure that both systems are in the same system group with [UpdateInGroup(typeof(Groundwork.Simulation.GroundworkSimulationGroup))],
or by manually adding both systems to the same group's update list.
Ignoring invalid [Unity.Entities.UpdateAfterAttribute] attribute on Groundwork.Simulation.CitizenNeedSystem targeting Groundwork.Simulation.CitizenAgeSystem.
This attribute can only order systems that are members of the same ComponentSystemGroup instance.
Make sure that both systems are in the same system group with [UpdateInGroup(typeof(Groundwork.Simulation.GroundworkSimulationGroup))],
or by manually adding both systems to the same group's update list.
Ignoring invalid [Unity.Entities.UpdateAfterAttribute] attribute on Groundwork.Simulation.CitizenNeedSystem targeting Groundwork.Simulation.CitizenAgeSystem.
This attribute can only order systems that are members of the same ComponentSystemGroup instance.
Make sure that both systems are in the same system group with [UpdateInGroup(typeof(Groundwork.Simulation.GroundworkSimulationGroup))],
or by manually adding both systems to the same group's update list.
Ignoring invalid [Unity.Entities.UpdateAfterAttribute] attribute on Groundwork.Simulation.CitizenNeedSystem targeting Groundwork.Simulation.CitizenAgeSystem.
This attribute can only order systems that are members of the same ComponentSystemGroup instance.
Make sure that both systems are in the same system group with [UpdateInGroup(typeof(Groundwork.Simulation.GroundworkSimulationGroup))],
or by manually adding both systems to the same group's update list.
Ignoring invalid [Unity.Entities.UpdateAfterAttribute] attribute on Groundwork.Simulation.CitizenNeedSystem targeting Groundwork.Simulation.CitizenAgeSystem.
This attribute can only order systems that are members of the same ComponentSystemGroup instance.
Make sure that both systems are in the same system group with [UpdateInGroup(typeof(Groundwork.Simulation.GroundworkSimulationGroup))],
or by manually adding both systems to the same group's update list.
Ignoring invalid [Unity.Entities.UpdateAfterAttribute] attribute on Groundwork.Simulation.CitizenNeedSystem targeting Groundwork.Simulation.CitizenAgeSystem.
This attribute can only order systems that are members of the same ComponentSystemGroup instance.
Make sure that both systems are in the same system group with [UpdateInGroup(typeof(Groundwork.Simulation.GroundworkSimulationGroup))],
or by manually adding both systems to the same group's update list.
Ignoring invalid [Unity.Entities.UpdateAfterAttribute] attribute on Groundwork.Simulation.CitizenNeedSystem targeting Groundwork.Simulation.CitizenAgeSystem.
This attribute can only order systems that are members of the same ComponentSystemGroup instance.
Make sure that both systems are in the same system group with [UpdateInGroup(typeof(Groundwork.Simulation.GroundworkSimulationGroup))],
or by manually adding both systems to the same group's update list.
Ignoring invalid [Unity.Entities.UpdateAfterAttribute] attribute on Groundwork.Simulation.CitizenNeedSystem targeting Groundwork.Simulation.CitizenAgeSystem.
This attribute can only order systems that are members of the same ComponentSystemGroup instance.
Make sure that both systems are in the same system group with [UpdateInGroup(typeof(Groundwork.Simulation.GroundworkSimulationGroup))],
or by manually adding both systems to the same group's update list.
Ignoring invalid [Unity.Entities.UpdateAfterAttribute] attribute on Groundwork.Simulation.CitizenNeedSystem targeting Groundwork.Simulation.CitizenAgeSystem.
This attribute can only order systems that are members of the same ComponentSystemGroup instance.
Make sure that both systems are in the same system group with [UpdateInGroup(typeof(Groundwork.Simulation.GroundworkSimulationGroup))],
or by manually adding both systems to the same group's update list.
Ignoring invalid [Unity.Entities.UpdateAfterAttribute] attribute on Groundwork.Simulation.CitizenNeedSystem targeting Groundwork.Simulation.CitizenAgeSystem.
This attribute can only order systems that are members of the same ComponentSystemGroup instance.
Make sure that both systems are in the same system group with [UpdateInGroup(typeof(Groundwork.Simulation.GroundworkSimulationGroup))],
or by manually adding both systems to the same group's update list.
Ignoring invalid [Unity.Entities.UpdateAfterAttribute] attribute on Groundwork.Simulation.CitizenNeedSystem targeting Groundwork.Simulation.CitizenAgeSystem.
This attribute can only order systems that are members of the same ComponentSystemGroup instance.
Make sure that both systems are in the same system group with [UpdateInGroup(typeof(Groundwork.Simulation.GroundworkSimulationGroup))],
or by manually adding both systems to the same group's update list.
Ignoring invalid [Unity.Entities.UpdateAfterAttribute] attribute on Groundwork.Simulation.CitizenNeedSystem targeting Groundwork.Simulation.CitizenAgeSystem.
This attribute can only order systems that are members of the same ComponentSystemGroup instance.
Make sure that both systems are in the same system group with [UpdateInGroup(typeof(Groundwork.Simulation.GroundworkSimulationGroup))],
or by manually adding both systems to the same group's update list.
Ignoring invalid [Unity.Entities.UpdateAfterAttribute] attribute on Groundwork.Simulation.CitizenNeedSystem targeting Groundwork.Simulation.CitizenAgeSystem.
This attribute can only order systems that are members of the same ComponentSystemGroup instance.
Make sure that both systems are in the same system group with [UpdateInGroup(typeof(Groundwork.Simulation.GroundworkSimulationGroup))],
or by manually adding both systems to the same group's update list.
Ignoring invalid [Unity.Entities.UpdateAfterAttribute] attribute on Groundwork.Simulation.CitizenNeedSystem targeting Groundwork.Simulation.CitizenAgeSystem.
This attribute can only order systems that are members of the same ComponentSystemGroup instance.
Make sure that both systems are in the same system group with [UpdateInGroup(typeof(Groundwork.Simulation.GroundworkSimulationGroup))],
or by manually adding both systems to the same group's update list.
Ignoring invalid [Unity.Entities.UpdateAfterAttribute] attribute on Groundwork.Simulation.CitizenNeedSystem targeting Groundwork.Simulation.CitizenAgeSystem.
This attribute can only order systems that are members of the same ComponentSystemGroup instance.
Make sure that both systems are in the same system group with [UpdateInGroup(typeof(Groundwork.Simulation.GroundworkSimulationGroup))],
or by manually adding both systems to the same group's update list.
Ignoring invalid [Unity.Entities.UpdateAfterAttribute] attribute on Groundwork.Simulation.CitizenNeedSystem targeting Groundwork.Simulation.CitizenAgeSystem.
This attribute can only order systems that are members of the same ComponentSystemGroup instance.
Make sure that both systems are in the same system group with [UpdateInGroup(typeof(Groundwork.Simulation.GroundworkSimulationGroup))],
or by manually adding both systems to the same group's update list.
Ignoring invalid [Unity.Entities.UpdateAfterAttribute] attribute on Groundwork.Simulation.CitizenNeedSystem targeting Groundwork.Simulation.CitizenAgeSystem.
This attribute can only order systems that are members of the same ComponentSystemGroup instance.
Make sure that both systems are in the same system group with [UpdateInGroup(typeof(Groundwork.Simulation.GroundworkSimulationGroup))],
or by manually adding both systems to the same group's update list.
Ignoring invalid [Unity.Entities.UpdateAfterAttribute] attribute on Groundwork.Simulation.CitizenNeedSystem targeting Groundwork.Simulation.CitizenAgeSystem.
This attribute can only order systems that are members of the same ComponentSystemGroup instance.
Make sure that both systems are in the same system group with [UpdateInGroup(typeof(Groundwork.Simulation.GroundworkSimulationGroup))],
or by manually adding both systems to the same group's update list.
Ignoring invalid [Unity.Entities.UpdateAfterAttribute] attribute on Groundwork.Simulation.CitizenNeedSystem targeting Groundwork.Simulation.CitizenAgeSystem.
This attribute can only order systems that are members of the same ComponentSystemGroup instance.
Make sure that both systems are in the same system group with [UpdateInGroup(typeof(Groundwork.Simulation.GroundworkSimulationGroup))],
or by manually adding both systems to the same group's update list.
Ignoring invalid [Unity.Entities.UpdateAfterAttribute] attribute on Groundwork.Simulation.CitizenNeedSystem targeting Groundwork.Simulation.CitizenAgeSystem.
This attribute can only order systems that are members of the same ComponentSystemGroup instance.
Make sure that both systems are in the same system group with [UpdateInGroup(typeof(Groundwork.Simulation.GroundworkSimulationGroup))],
or by manually adding both systems to the same group's update list.
Ignoring invalid [Unity.Entities.UpdateAfterAttribute] attribute on Groundwork.Simulation.CitizenNeedSystem targeting Groundwork.Simulation.CitizenAgeSystem.
This attribute can only order systems that are members of the same ComponentSystemGroup instance.
[...]
NUnit.Framework.Internal.Commands.TestMethodCommand:Execute(ITestExecutionContext)
UnityEditor.EditorApplication:Internal_CallUpdateFunctions() (at /home/bokken/build/output/unity/unity/Editor/Mono/EditorApplication.cs:392)

Ignoring invalid [Unity.Entities.UpdateAfterAttribute] attribute on Groundwork.Simulation.CitizenNeedSystem targeting Groundwork.Simulation.CitizenAgeSystem.
This attribute can only order systems that are members of the same ComponentSystemGroup instance.
Make sure that both systems are in the same system group with [UpdateInGroup(typeof(Groundwork.Simulation.GroundworkSimulationGroup))],
or by manually adding both systems to the same group's update list.
InvalidOperationException: GetSingleton<Groundwork.Simulation.SimulationConfig>() requires that exactly one entity exists that match this query, but there are 2 entities in 1 chunks.
First chunk: entityCount=2, archetype=  - Unity.Entities.Entity  - Groundwork.Simulation.SimulationConfig  - Unity.Entities.Simulate.
Unity.Entities.EntityQueryImpl.GetSingleton[T] () (at ./Library/PackageCache/com.unity.entities@70f9a4aadeb2/Unity.Entities/Iterators/EntityQuery.cs:1471)
Unity.Entities.EntityQuery.GetSingleton[T] () (at ./Library/PackageCache/com.unity.entities@70f9a4aadeb2/Unity.Entities/Iterators/EntityQuery.cs:2737)
Groundwork.Simulation.CitizenNeedSystem.OnUpdate (Unity.Entities.SystemState& state) (at Assets/Scripts/Simulation/Systems/CitizenNeedSystem.cs:19)
(wrapper native-to-managed) Groundwork.Simulation.CitizenNeedSystem.__codegen__OnUpdate$BurstManaged(intptr,intptr)
Groundwork.Simulation.CitizenNeedSystem+__codegen__OnUpdate_0000004B$BurstDirectCall.Invoke (System.IntPtr self, System.IntPtr state) (at <e1d9c85f8ecc42039615c48f4b56df02>:0)
Groundwork.Simulation.CitizenNeedSystem.__codegen__OnUpdate (System.IntPtr self, System.IntPtr state) (at <e1d9c85f8ecc42039615c48f4b56df02>:0)
(wrapper native-to-managed) Groundwork.Simulation.CitizenNeedSystem.__codegen__OnUpdate(intptr,intptr)
Unity.Entities.SystemBaseRegistry.ForwardToManaged (System.IntPtr delegateIntPtr, Unity.Entities.SystemState* systemState, System.Void* systemPointer) (at ./Library/PackageCache/com.unity.entities@70f9a4aadeb2/Unity.Entities/SystemBaseRegistry.cs:364)
Unity.Entities.SystemBaseRegistry.CallForwardingFunction (Unity.Entities.SystemState* systemState, Unity.Entities.UnmanagedSystemFunctionType functionType) (at ./Library/PackageCache/com.unity.entities@70f9a4aadeb2/Unity.Entities/SystemBaseRegistry.cs:333)
Unity.Entities.SystemBaseRegistry.CallOnUpdate (Unity.Entities.SystemState* systemState) (at ./Library/PackageCache/com.unity.entities@70f9a4aadeb2/Unity.Entities/SystemBaseRegistry.cs:376)
(wrapper native-to-managed) Unity.Entities.WorldUnmanagedImpl.UnmanagedUpdate$BurstManaged(void*)
Unity.Entities.WorldUnmanagedImpl+UnmanagedUpdate_0000162A$BurstDirectCall.Invoke (System.Void* pSystemState) (at <0040280eda5849a98da18010484dca27>:0)
Unity.Entities.WorldUnmanagedImpl.UnmanagedUpdate (System.Void* pSystemState) (at <0040280eda5849a98da18010484dca27>:0)
Unity.Entities.WorldUnmanagedImpl.UpdateSystem (Unity.Entities.SystemHandle sh) (at ./Library/PackageCache/com.unity.entities@70f9a4aadeb2/Unity.Entities/WorldUnmanaged.cs:910)
Unity.Entities.ComponentSystemGroup.UpdateAllSystems () (at ./Library/PackageCache/com.unity.entities@70f9a4aadeb2/Unity.Entities/ComponentSystemGroup.cs:717)
UnityEngine.Debug:LogException(Exception)
Unity.Debug:LogException(Exception) (at ./Library/PackageCache/com.unity.entities@70f9a4aadeb2/Unity.Entities/Stubs/Unity/Debug.cs:17)
Unity.Entities.ComponentSystemGroup:UpdateAllSystems() (at ./Library/PackageCache/com.unity.entities@70f9a4aadeb2/Unity.Entities/ComponentSystemGroup.cs:728)
Unity.Entities.ComponentSystemGroup:OnUpdate() (at ./Library/PackageCache/com.unity.entities@70f9a4aadeb2/Unity.Entities/ComponentSystemGroup.cs:681)
Unity.Entities.SystemBase:Update() (at ./Library/PackageCache/com.unity.entities@70f9a4aadeb2/Unity.Entities/SystemBase.cs:418)
Groundwork.TestHelpers.SimulationTestWorld:UpdateSystem() (at Assets/Tests/TestHelpers/SimulationTestWorld.cs:156)
Groundwork.TestHelpers.SimulationTestWorld:RunFullTick() (at Assets/Tests/TestHelpers/SimulationTestWorld.cs:166)
Groundwork.Tests.Simulation.<>c__DisplayClass8_0:<SimulationRuns_WithoutErrors>b__0() (at Assets/Tests/EditMode/Simulation/SimulationBootstrapTests.cs:157)
NUnit.Framework.Constraints.VoidInvocationDescriptor:Invoke()
NUnit.Framework.Constraints.ExceptionInterceptor:Intercept(Object)
NUnit.Framework.Constraints.ThrowsNothingConstraint:ApplyTo(Object)
NUnit.Framework.Assert:That(Object, IResolveConstraint, String, Object[])
NUnit.Framework.Assert:That(TestDelegate, IResolveConstraint, String, Object[])
NUnit.Framework.Assert:DoesNotThrow(TestDelegate, String, Object[])
NUnit.Framework.Assert:DoesNotThrow(TestDelegate)
Groundwork.Tests.Simulation.SimulationBootstrapTests:SimulationRuns_WithoutErrors() (at Assets/Tests/EditMode/Simulation/SimulationBootstrapTests.cs:154)
System.Reflection.MethodBase:Invoke(Object, Object[])
NUnit.Framework.Internal.Reflect:InvokeMethod(MethodInfo, Object, Object[])
NUnit.Framework.Internal.MethodWrapper:Invoke(Object, Object[])
NUnit.Framework.Internal.Commands.TestMethodCommand:RunNonAsyncTestMethod(ITestExecutionContext)
NUnit.Framework.Internal.Commands.TestMethodCommand:RunTestMethod(ITestExecutionContext)
NUnit.Framework.Internal.Commands.TestMethodCommand:Execute(ITestExecutionContext)
UnityEditor.EditorApplication:Internal_CallUpdateFunctions() (at /home/bokken/build/output/unity/unity/Editor/Mono/EditorApplication.cs:392)

Ignoring invalid [Unity.Entities.UpdateAfterAttribute] attribute on Groundwork.Simulation.PathfindingSystem targeting Groundwork.Simulation.CitizenNeedSystem.
This attribute can only order systems that are members of the same ComponentSystemGroup instance.
Make sure that both systems are in the same system group with [UpdateInGroup(typeof(Groundwork.Simulation.GroundworkSimulationGroup))],
or by manually adding both systems to the same group's update list.
InvalidOperationException: GetSingleton<Groundwork.Simulation.MapGridData>() requires that exactly one entity exists that match this query, but there are 2 entities in 1 chunks.
First chunk: entityCount=2, archetype=  - Unity.Entities.Entity  - Groundwork.Simulation.MapGridData  - Unity.Entities.Simulate.
Unity.Entities.EntityQueryImpl.GetSingleton[T] () (at ./Library/PackageCache/com.unity.entities@70f9a4aadeb2/Unity.Entities/Iterators/EntityQuery.cs:1471)
Unity.Entities.EntityQuery.GetSingleton[T] () (at ./Library/PackageCache/com.unity.entities@70f9a4aadeb2/Unity.Entities/Iterators/EntityQuery.cs:2737)
Groundwork.Simulation.PathfindingSystem.OnUpdate (Unity.Entities.SystemState& state) (at Assets/Scripts/Simulation/Systems/PathfindingSystem.cs:19)
(wrapper native-to-managed) Groundwork.Simulation.PathfindingSystem.__codegen__OnUpdate$BurstManaged(intptr,intptr)
Groundwork.Simulation.PathfindingSystem+__codegen__OnUpdate_0000008A$BurstDirectCall.Invoke (System.IntPtr self, System.IntPtr state) (at <e1d9c85f8ecc42039615c48f4b56df02>:0)
Groundwork.Simulation.PathfindingSystem.__codegen__OnUpdate (System.IntPtr self, System.IntPtr state) (at <e1d9c85f8ecc42039615c48f4b56df02>:0)
(wrapper native-to-managed) Groundwork.Simulation.PathfindingSystem.__codegen__OnUpdate(intptr,intptr)
Unity.Entities.SystemBaseRegistry.ForwardToManaged (System.IntPtr delegateIntPtr, Unity.Entities.SystemState* systemState, System.Void* systemPointer) (at ./Library/PackageCache/com.unity.entities@70f9a4aadeb2/Unity.Entities/SystemBaseRegistry.cs:364)
Unity.Entities.SystemBaseRegistry.CallForwardingFunction (Unity.Entities.SystemState* systemState, Unity.Entities.UnmanagedSystemFunctionType functionType) (at ./Library/PackageCache/com.unity.entities@70f9a4aadeb2/Unity.Entities/SystemBaseRegistry.cs:333)
Unity.Entities.SystemBaseRegistry.CallOnUpdate (Unity.Entities.SystemState* systemState) (at ./Library/PackageCache/com.unity.entities@70f9a4aadeb2/Unity.Entities/SystemBaseRegistry.cs:376)
(wrapper native-to-managed) Unity.Entities.WorldUnmanagedImpl.UnmanagedUpdate$BurstManaged(void*)
Unity.Entities.WorldUnmanagedImpl+UnmanagedUpdate_0000162A$BurstDirectCall.Invoke (System.Void* pSystemState) (at <0040280eda5849a98da18010484dca27>:0)
Unity.Entities.WorldUnmanagedImpl.UnmanagedUpdate (System.Void* pSystemState) (at <0040280eda5849a98da18010484dca27>:0)
Unity.Entities.WorldUnmanagedImpl.UpdateSystem (Unity.Entities.SystemHandle sh) (at ./Library/PackageCache/com.unity.entities@70f9a4aadeb2/Unity.Entities/WorldUnmanaged.cs:910)
Unity.Entities.ComponentSystemGroup.UpdateAllSystems () (at ./Library/PackageCache/com.unity.entities@70f9a4aadeb2/Unity.Entities/ComponentSystemGroup.cs:717)
UnityEngine.Debug:LogException(Exception)
Unity.Debug:LogException(Exception) (at ./Library/PackageCache/com.unity.entities@70f9a4aadeb2/Unity.Entities/Stubs/Unity/Debug.cs:17)
Unity.Entities.ComponentSystemGroup:UpdateAllSystems() (at ./Library/PackageCache/com.unity.entities@70f9a4aadeb2/Unity.Entities/ComponentSystemGroup.cs:728)
Unity.Entities.ComponentSystemGroup:OnUpdate() (at ./Library/PackageCache/com.unity.entities@70f9a4aadeb2/Unity.Entities/ComponentSystemGroup.cs:681)
Unity.Entities.SystemBase:Update() (at ./Library/PackageCache/com.unity.entities@70f9a4aadeb2/Unity.Entities/SystemBase.cs:418)
Groundwork.TestHelpers.SimulationTestWorld:UpdateSystem() (at Assets/Tests/TestHelpers/SimulationTestWorld.cs:156)
Groundwork.TestHelpers.SimulationTestWorld:RunFullTick() (at Assets/Tests/TestHelpers/SimulationTestWorld.cs:167)
Groundwork.Tests.Simulation.<>c__DisplayClass8_0:<SimulationRuns_WithoutErrors>b__0() (at Assets/Tests/EditMode/Simulation/SimulationBootstrapTests.cs:157)
NUnit.Framework.Constraints.VoidInvocationDescriptor:Invoke()
NUnit.Framework.Constraints.ExceptionInterceptor:Intercept(Object)
NUnit.Framework.Constraints.ThrowsNothingConstraint:ApplyTo(Object)
NUnit.Framework.Assert:That(Object, IResolveConstraint, String, Object[])
NUnit.Framework.Assert:That(TestDelegate, IResolveConstraint, String, Object[])
NUnit.Framework.Assert:DoesNotThrow(TestDelegate, String, Object[])
NUnit.Framework.Assert:DoesNotThrow(TestDelegate)
Groundwork.Tests.Simulation.SimulationBootstrapTests:SimulationRuns_WithoutErrors() (at Assets/Tests/EditMode/Simulation/SimulationBootstrapTests.cs:154)
System.Reflection.MethodBase:Invoke(Object, Object[])
NUnit.Framework.Internal.Reflect:InvokeMethod(MethodInfo, Object, Object[])
NUnit.Framework.Internal.MethodWrapper:Invoke(Object, Object[])
NUnit.Framework.Internal.Commands.TestMethodCommand:RunNonAsyncTestMethod(ITestExecutionContext)
NUnit.Framework.Internal.Commands.TestMethodCommand:RunTestMethod(ITestExecutionContext)
NUnit.Framework.Internal.Commands.TestMethodCommand:Execute(ITestExecutionContext)
UnityEditor.EditorApplication:Internal_CallUpdateFunctions() (at /home/bokken/build/output/unity/unity/Editor/Mono/EditorApplication.cs:392)

Ignoring invalid [Unity.Entities.UpdateAfterAttribute] attribute on Groundwork.Simulation.CitizenMovementSystem targeting Groundwork.Simulation.PathfindingSystem.
This attribute can only order systems that are members of the same ComponentSystemGroup instance.
Make sure that both systems are in the same system group with [UpdateInGroup(typeof(Groundwork.Simulation.GroundworkSimulationGroup))],
or by manually adding both systems to the same group's update list.
Ignoring invalid [Unity.Entities.UpdateAfterAttribute] attribute on Groundwork.Simulation.BuildingProductionSystem targeting Groundwork.Simulation.CitizenMovementSystem.
This attribute can only order systems that are members of the same ComponentSystemGroup instance.
Make sure that both systems are in the same system group with [UpdateInGroup(typeof(Groundwork.Simulation.GroundworkSimulationGroup))],
or by manually adding both systems to the same group's update list.
Ignoring invalid [Unity.Entities.UpdateAfterAttribute] attribute on Groundwork.Simulation.DeathSystem targeting Groundwork.Simulation.BuildingProductionSystem.
This attribute can only order systems that are members of the same ComponentSystemGroup instance.
Make sure that both systems are in the same system group with [UpdateInGroup(typeof(Groundwork.Simulation.GroundworkSimulationGroup))],
or by manually adding both systems to the same group's update list.
]]></output>
              </test-case>
              <test-case id="1046" name="WoodcuttersStartWithLogs" fullname="Groundwork.Tests.Simulation.SimulationBootstrapTests.WoodcuttersStartWithLogs" methodname="WoodcuttersStartWithLogs" classname="Groundwork.Tests.Simulation.SimulationBootstrapTests" runstate="Runnable" seed="1961263537" result="Passed" start-time="2026-07-24 15:33:00Z" end-time="2026-07-24 15:33:00Z" duration="0.005057" asserts="0">
                <properties>
                  <property name="retryIteration" value="0" />
                  <property name="repeatIteration" value="0" />
                </properties>
                <output><![CDATA['Groundwork.Simulation.SimulationBootstrap' creates a query during OnUpdate. Please create queries in OnCreate and store them in the system for use in OnUpdate instead. This is significantly faster.
]]></output>
              </test-case>
            </test-suite>
            <test-suite type="TestFixture" id="1048" name="TickDispatchSystemTests" fullname="Groundwork.Tests.Simulation.TickDispatchSystemTests" classname="Groundwork.Tests.Simulation.TickDispatchSystemTests" runstate="Runnable" testcasecount="3" result="Passed" start-time="2026-07-24 15:33:00Z" end-time="2026-07-24 15:33:00Z" duration="0.009430" total="3" passed="3" failed="0" inconclusive="0" skipped="0" asserts="0">
              <properties />
              <test-case id="1049" name="AdvancesCurrentTick_EachUpdate" fullname="Groundwork.Tests.Simulation.TickDispatchSystemTests.AdvancesCurrentTick_EachUpdate" methodname="AdvancesCurrentTick_EachUpdate" classname="Groundwork.Tests.Simulation.TickDispatchSystemTests" runstate="Runnable" seed="1663570807" result="Passed" start-time="2026-07-24 15:33:00Z" end-time="2026-07-24 15:33:00Z" duration="0.002653" asserts="0">
                <properties>
                  <property name="retryIteration" value="0" />
                  <property name="repeatIteration" value="0" />
                </properties>
                <output><![CDATA[Ignoring invalid [Unity.Entities.UpdateAfterAttribute] attribute on Groundwork.Simulation.TickDispatchSystem targeting Groundwork.Simulation.SimulationBootstrap.
This attribute can only order systems that are members of the same ComponentSystemGroup instance.
Make sure that both systems are in the same system group with [UpdateInGroup(typeof(Groundwork.Simulation.GroundworkSimulationGroup))],
or by manually adding both systems to the same group's update list.
]]></output>
              </test-case>
              <test-case id="1051" name="AdvancesMultipleTicks" fullname="Groundwork.Tests.Simulation.TickDispatchSystemTests.AdvancesMultipleTicks" methodname="AdvancesMultipleTicks" classname="Groundwork.Tests.Simulation.TickDispatchSystemTests" runstate="Runnable" seed="430666688" result="Passed" start-time="2026-07-24 15:33:00Z" end-time="2026-07-24 15:33:00Z" duration="0.001758" asserts="0">
                <properties>
                  <property name="retryIteration" value="0" />
                  <property name="repeatIteration" value="0" />
                </properties>
                <output><![CDATA[Ignoring invalid [Unity.Entities.UpdateAfterAttribute] attribute on Groundwork.Simulation.TickDispatchSystem targeting Groundwork.Simulation.SimulationBootstrap.
This attribute can only order systems that are members of the same ComponentSystemGroup instance.
Make sure that both systems are in the same system group with [UpdateInGroup(typeof(Groundwork.Simulation.GroundworkSimulationGroup))],
or by manually adding both systems to the same group's update list.
]]></output>
              </test-case>
              <test-case id="1050" name="DoesNotAdvance_WhenPaused" fullname="Groundwork.Tests.Simulation.TickDispatchSystemTests.DoesNotAdvance_WhenPaused" methodname="DoesNotAdvance_WhenPaused" classname="Groundwork.Tests.Simulation.TickDispatchSystemTests" runstate="Runnable" seed="539726281" result="Passed" start-time="2026-07-24 15:33:00Z" end-time="2026-07-24 15:33:00Z" duration="0.002130" asserts="0">
                <properties>
                  <property name="retryIteration" value="0" />
                  <property name="repeatIteration" value="0" />
                </properties>
                <output><![CDATA[Ignoring invalid [Unity.Entities.UpdateAfterAttribute] attribute on Groundwork.Simulation.TickDispatchSystem targeting Groundwork.Simulation.SimulationBootstrap.
This attribute can only order systems that are members of the same ComponentSystemGroup instance.
Make sure that both systems are in the same system group with [UpdateInGroup(typeof(Groundwork.Simulation.GroundworkSimulationGroup))],
or by manually adding both systems to the same group's update list.
]]></output>
              </test-case>
            </test-suite>
          </test-suite>
        </test-suite>
      </test-suite>
    </test-suite>
    <test-suite type="Assembly" id="1058" name="Unity.Addressables.DocExampleCode.Editor.Tests.dll" fullname="/home/tim/source/activity/Groundwork/Library/ScriptAssemblies/Unity.Addressables.DocExampleCode.Editor.Tests.dll" runstate="Runnable" testcasecount="1" result="Passed" start-time="2026-07-24 15:33:00Z" end-time="2026-07-24 15:33:00Z" duration="0.004464" total="1" passed="1" failed="0" inconclusive="0" skipped="0" asserts="0">
      <properties>
        <property name="_PID" value="993257" />
        <property name="_APPDOMAIN" value="Unity Child Domain" />
        <property name="platform" value="EditMode" />
        <property name="EditorOnly" value="True" />
      </properties>
      <test-suite type="TestSuite" id="1059" name="AddressableAssets" fullname="AddressableAssets" runstate="Runnable" testcasecount="1" result="Passed" start-time="2026-07-24 15:33:00Z" end-time="2026-07-24 15:33:00Z" duration="0.003978" total="1" passed="1" failed="0" inconclusive="0" skipped="0" asserts="0">
        <properties />
        <test-suite type="TestSuite" id="1060" name="DocExampleCode" fullname="AddressableAssets.DocExampleCode" runstate="Runnable" testcasecount="1" result="Passed" start-time="2026-07-24 15:33:00Z" end-time="2026-07-24 15:33:00Z" duration="0.003568" total="1" passed="1" failed="0" inconclusive="0" skipped="0" asserts="0">
          <properties />
          <test-suite type="TestFixture" id="1056" name="TestStub" fullname="AddressableAssets.DocExampleCode.TestStub" classname="AddressableAssets.DocExampleCode.TestStub" runstate="Runnable" testcasecount="1" result="Passed" start-time="2026-07-24 15:33:00Z" end-time="2026-07-24 15:33:00Z" duration="0.002526" total="1" passed="1" failed="0" inconclusive="0" skipped="0" asserts="0">
            <properties />
            <test-case id="1057" name="RequiredTest" fullname="AddressableAssets.DocExampleCode.TestStub.RequiredTest" methodname="RequiredTest" classname="AddressableAssets.DocExampleCode.TestStub" runstate="Runnable" seed="1803471215" result="Passed" start-time="2026-07-24 15:33:00Z" end-time="2026-07-24 15:33:00Z" duration="0.000293" asserts="0">
              <properties>
                <property name="retryIteration" value="0" />
                <property name="repeatIteration" value="0" />
              </properties>
              <output><![CDATA[Saving results to: /home/tim/.config/unity3d/DefaultCompany/Groundwork/TestResults.xml
]]></output>
            </test-case>
          </test-suite>
        </test-suite>
      </test-suite>
    </test-suite>
  </test-suite>
</test-run>